<?xml version="1.0" encoding="UTF-8"?>
<!-- Generated by org.testng.reporters.JUnitReportReporter -->
<testsuite skipped="0" hostname="DESKTOP-I61C6HS" name="project2.NewTest" tests="1" failures="0" timestamp="16 Dec 2019 00:31:18 GMT" time="0.007" errors="0">
  <testcase name="test" time="0.007" classname="project2.NewTest"/>
</testsuite> <!-- project2.NewTest -->
